AAAPlugins3A/game/frameworks/runtime-src/proj.android-studio/app/proguard/mapping.txt
# compiler: R8
# compiler_version: 2.2.71
# min_api: 21
# pg_map_id: e2ec273
# common_typos_disable
vicymv.qcwkhe.drntnti.StringFog -> zc5yGJxyCGTt.czvLRfpAo.czvLRfpAo.czvLRfpAo:
    com.github.megatronking.stringfog.xor.StringFogImpl IMPL -> czvLRfpAo
    java.lang.String decrypt(java.lang.String) -> czvLRfpAo
...
com.google.firebase.installations.FirebaseInstallations$2 -> U2HTI3xx.qgqoA5Gk7.U2HTI3xx.xFXnDVJVAK8.maG44a9w8U$U2HTI3xx:
    int[] $SwitchMap$com$google$firebase$installations$remote$InstallationResponse$ResponseCode -> czvLRfpAo
    int[] $SwitchMap$com$google$firebase$installations$remote$TokenResult$ResponseCode -> U2HTI3xx
com.google.firebase.installations.FirebaseInstallationsApi -> U2HTI3xx.qgqoA5Gk7.U2HTI3xx.xFXnDVJVAK8.cpSBe0L4:
    com.google.android.gms.tasks.Task getToken(boolean) -> czvLRfpAo
com.google.firebase.installations.FirebaseInstallationsException -> U2HTI3xx.qgqoA5Gk7.U2HTI3xx.xFXnDVJVAK8.pj57x1JCV:
    com.google.firebase.installations.FirebaseInstallationsException$Status status -> U2HTI3xx
com.google.firebase.installations.FirebaseInstallationsException$Status -> U2HTI3xx.qgqoA5Gk7.U2HTI3xx.xFXnDVJVAK8.pj57x1JCV$czvLRfpAo:
    com.google.firebase.installations.FirebaseInstallationsException$Status[] $VALUES -> qgqoA5Gk7
    com.google.firebase.installations.FirebaseInstallationsException$Status BAD_CONFIG -> U2HTI3xx
com.google.firebase.installations.FirebaseInstallationsRegistrar$$Lambda$1 -> U2HTI3xx.qgqoA5Gk7.U2HTI3xx.xFXnDVJVAK8.zc5yGJxyCGTt:
    com.google.firebase.installations.FirebaseInstallationsRegistrar$$Lambda$1 instance -> czvLRfpAo
    com.google.firebase.components.ComponentFactory lambdaFactory$() -> U2HTI3xx
    java.lang.Object create(com.google.firebase.components.ComponentContainer) -> czvLRfpAo
com.google.firebase.installations.GetAuthTokenListener -> U2HTI3xx.qgqoA5Gk7.U2HTI3xx.xFXnDVJVAK8.BmbjL16Sn2SS:
    com.google.android.gms.tasks.TaskCompletionSource resultTaskCompletionSource -> U2HTI3xx
    com.google.firebase.installations.Utils utils -> czvLRfpAo
    boolean onStateReached(com.google.firebase.installations.local.PersistedInstallationEntry) -> U2HTI3xx
    boolean onException(com.google.firebase.installations.local.PersistedInstallationEntry,java.lang.Exception) -> czvLRfpAo
com.google.firebase.installations.GetIdListener -> U2HTI3xx.qgqoA5Gk7.U2HTI3xx.xFXnDVJVAK8.DiKSmFbk:
    com.google.android.gms.tasks.TaskCompletionSource taskCompletionSource -> czvLRfpAo
    boolean onStateReached(com.google.firebase.installations.local.PersistedInstallationEntry) -> U2HTI3xx
    boolean onException(com.google.firebase.installations.local.PersistedInstallationEntry,java.lang.Exception) -> czvLRfpAo
com.google.firebase.installations.InstallationTokenResult -> U2HTI3xx.qgqoA5Gk7.U2HTI3xx.xFXnDVJVAK8.WoYCQj9jC5H:
    java.lang.String getToken() -> U2HTI3xx
    com.google.firebase.installations.InstallationTokenResult$Builder builder() -> czvLRfpAo
    long getTokenCreationTimestamp() -> qgqoA5Gk7
    long getTokenExpirationTimestamp() -> rYLNy10w
com.google.firebase.installations.InstallationTokenResult$Builder -> U2HTI3xx.qgqoA5Gk7.U2HTI3xx.xFXnDVJVAK8.WoYCQj9jC5H$czvLRfpAo:
    com.google.firebase.installations.InstallationTokenResult$Builder setToken(java.lang.String) -> U2HTI3xx
    com.google.firebase.installations.InstallationTokenResult build() -> czvLRfpAo
    com.google.firebase.installations.InstallationTokenResult$Builder setTokenCreationTimestamp(long) -> qgqoA5Gk7
    com.google.firebase.installations.InstallationTokenResult$Builder setTokenExpirationTimestamp(long) -> rYLNy10w
com.google.firebase.installations.RandomFidGenerator -> U2HTI3xx.qgqoA5Gk7.U2HTI3xx.xFXnDVJVAK8.xFXnDVJVAK8:
    byte REMOVE_PREFIX_MASK -> U2HTI3xx
    byte FID_4BIT_PREFIX -> czvLRfpAo
    java.lang.String encodeFidBase64UrlSafe(byte[]) -> U2HTI3xx
    java.lang.String createRandomFid() -> czvLRfpAo
    byte[] getBytesFromUUID(java.util.UUID,byte[]) -> qgqoA5Gk7
com.google.firebase.installations.StateListener -> U2HTI3xx.qgqoA5Gk7.U2HTI3xx.xFXnDVJVAK8.NnhJFEosxJN:
    boolean onStateReached(com.google.firebase.installations.local.PersistedInstallationEntry) -> U2HTI3xx
    boolean onException(com.google.firebase.installations.local.PersistedInstallationEntry,java.lang.Exception) -> czvLRfpAo