AAAPlugins3A/game/frameworks/runtime-src/proj.android-studio/app/proguard/unused.txt
vicymv.qcwkhe.drntnti.BuildConfig
vicymv.qcwkhe.drntnti.R$anim
vicymv.qcwkhe.drntnti.R$animator
vicymv.qcwkhe.drntnti.R$attr
vicymv.qcwkhe.drntnti.R$bool
vicymv.qcwkhe.drntnti.R$color
vicymv.qcwkhe.drntnti.R$dimen
vicymv.qcwkhe.drntnti.R$drawable
vicymv.qcwkhe.drntnti.R$id
vicymv.qcwkhe.drntnti.R$integer
vicymv.qcwkhe.drntnti.R$interpolator
vicymv.qcwkhe.drntnti.R$layout
vicymv.qcwkhe.drntnti.R$mipmap
vicymv.qcwkhe.drntnti.R$plurals
vicymv.qcwkhe.drntnti.R$raw
vicymv.qcwkhe.drntnti.R$string
vicymv.qcwkhe.drntnti.R$style
vicymv.qcwkhe.drntnti.R$styleable
vicymv.qcwkhe.drntnti.R$xml
vicymv.qcwkhe.drntnti.R
vicymv.qcwkhe.drntnti.StringFog:
    public void <init>()
    public static java.lang.String encrypt(java.lang.String)
    public static boolean overflow(java.lang.String)
...
com.google.firebase.R$integer
com.google.firebase.R$layout
com.google.firebase.R$string
com.google.firebase.R$style
com.google.firebase.R$styleable
com.google.firebase.R
com.google.firebase.analytics.connector.AnalyticsConnector$AnalyticsConnectorHandle
com.google.firebase.analytics.connector.AnalyticsConnector$AnalyticsConnectorListener
com.google.firebase.analytics.connector.AnalyticsConnector$ConditionalUserProperty
com.google.firebase.analytics.connector.AnalyticsConnector:
    public abstract void clearConditionalUserProperty(java.lang.String,java.lang.String,android.os.Bundle)
    public abstract java.util.List getConditionalUserProperties(java.lang.String,java.lang.String)
    public abstract int getMaxUserProperties(java.lang.String)
    public abstract java.util.Map getUserProperties(boolean)
    public abstract com.google.firebase.analytics.connector.AnalyticsConnector$AnalyticsConnectorHandle registerAnalyticsConnectorListener(java.lang.String,com.google.firebase.analytics.connector.AnalyticsConnector$AnalyticsConnectorListener)
    public abstract void setConditionalUserProperty(com.google.firebase.analytics.connector.AnalyticsConnector$ConditionalUserProperty)
com.google.firebase.analytics.connector.AnalyticsConnectorImpl:
    public void clearConditionalUserProperty(java.lang.String,java.lang.String,android.os.Bundle)
    public java.util.List getConditionalUserProperties(java.lang.String,java.lang.String)
    public static com.google.firebase.analytics.connector.AnalyticsConnector getInstance()
    public static com.google.firebase.analytics.connector.AnalyticsConnector getInstance(com.google.firebase.FirebaseApp)
    public int getMaxUserProperties(java.lang.String)
    public java.util.Map getUserProperties(boolean)
    public com.google.firebase.analytics.connector.AnalyticsConnector$AnalyticsConnectorHandle registerAnalyticsConnectorListener(java.lang.String,com.google.firebase.analytics.connector.AnalyticsConnector$AnalyticsConnectorListener)
    public void setConditionalUserProperty(com.google.firebase.analytics.connector.AnalyticsConnector$ConditionalUserProperty)
com.google.firebase.analytics.connector.R
com.google.firebase.analytics.connector.impl.R
com.google.firebase.analytics.connector.internal.zzb:
    public static boolean zza(com.google.firebase.analytics.connector.AnalyticsConnector$ConditionalUserProperty)
    public static com.google.android.gms.measurement.AppMeasurement$ConditionalUserProperty zzb(com.google.firebase.analytics.connector.AnalyticsConnector$ConditionalUserProperty)
    public static com.google.firebase.analytics.connector.AnalyticsConnector$ConditionalUserProperty zzd(com.google.android.gms.measurement.AppMeasurement$ConditionalUserProperty)
com.google.firebase.annotations.PublicApi
com.google.firebase.components.BuildConfig
com.google.firebase.components.Component$$Lambda$1
com.google.firebase.components.Component$Builder:
    public com.google.firebase.components.Component$Builder eagerInDefaultApp()
    public com.google.firebase.components.Component$Builder publishes(java.lang.Class)
com.google.firebase.components.Component:
    public boolean isLazy()
    static synthetic java.lang.Object lambda$of$0(java.lang.Object,com.google.firebase.components.ComponentContainer)
    public static com.google.firebase.components.Component of(java.lang.Class,java.lang.Object)
com.google.firebase.components.CycleDetector:
    void <init>()
com.google.firebase.components.Dependency:
    public static com.google.firebase.components.Dependency optionalProvider(java.lang.Class)
    public static com.google.firebase.components.Dependency requiredProvider(java.lang.Class)
    public static com.google.firebase.components.Dependency setOfProvider(java.lang.Class)
com.google.firebase.components.DependencyCycleException:
    public java.util.List getComponentsInCycle()